mode: set
bronivik/internal/service/booking_service.go:25.195,26.25 1 1
bronivik/internal/service/booking_service.go:26.25,28.3 1 0
bronivik/internal/service/booking_service.go:29.2,36.3 1 1
bronivik/internal/service/booking_service.go:39.68,43.29 2 1
bronivik/internal/service/booking_service.go:43.29,47.35 3 1
bronivik/internal/service/booking_service.go:47.35,49.4 1 1
bronivik/internal/service/booking_service.go:50.8,52.48 1 0
bronivik/internal/service/booking_service.go:52.48,54.4 1 0
bronivik/internal/service/booking_service.go:58.2,59.25 2 1
bronivik/internal/service/booking_service.go:59.25,61.3 1 1
bronivik/internal/service/booking_service.go:63.2,63.12 1 1
bronivik/internal/service/booking_service.go:66.92,68.60 1 1
bronivik/internal/service/booking_service.go:68.60,70.3 1 0
bronivik/internal/service/booking_service.go:73.2,74.16 2 1
bronivik/internal/service/booking_service.go:74.16,76.3 1 0
bronivik/internal/service/booking_service.go:77.2,77.16 1 1
bronivik/internal/service/booking_service.go:77.16,79.3 1 0
bronivik/internal/service/booking_service.go:82.2,83.16 2 1
bronivik/internal/service/booking_service.go:83.16,85.3 1 0
bronivik/internal/service/booking_service.go:88.2,92.90 3 1
bronivik/internal/service/booking_service.go:92.90,94.3 1 0
bronivik/internal/service/booking_service.go:96.2,96.12 1 1
bronivik/internal/service/booking_service.go:99.117,101.16 2 1
bronivik/internal/service/booking_service.go:101.16,103.3 1 0
bronivik/internal/service/booking_service.go:105.2,106.16 2 1
bronivik/internal/service/booking_service.go:106.16,109.91 3 1
bronivik/internal/service/booking_service.go:109.91,111.4 1 0
bronivik/internal/service/booking_service.go:114.2,114.12 1 1
bronivik/internal/service/booking_service.go:117.116,119.16 2 0
bronivik/internal/service/booking_service.go:119.16,121.3 1 0
bronivik/internal/service/booking_service.go:123.2,124.16 2 0
bronivik/internal/service/booking_service.go:124.16,127.91 3 0
bronivik/internal/service/booking_service.go:127.91,129.4 1 0
bronivik/internal/service/booking_service.go:132.2,132.12 1 0
bronivik/internal/service/booking_service.go:135.118,137.16 2 0
bronivik/internal/service/booking_service.go:137.16,139.3 1 0
bronivik/internal/service/booking_service.go:141.2,142.16 2 0
bronivik/internal/service/booking_service.go:142.16,145.91 3 0
bronivik/internal/service/booking_service.go:145.91,147.4 1 0
bronivik/internal/service/booking_service.go:150.2,150.12 1 0
bronivik/internal/service/booking_service.go:153.116,155.16 2 0
bronivik/internal/service/booking_service.go:155.16,157.3 1 0
bronivik/internal/service/booking_service.go:159.2,160.16 2 0
bronivik/internal/service/booking_service.go:160.16,162.91 2 0
bronivik/internal/service/booking_service.go:162.91,164.4 1 0
bronivik/internal/service/booking_service.go:167.2,167.12 1 0
bronivik/internal/service/booking_service.go:170.137,173.16 2 0
bronivik/internal/service/booking_service.go:173.16,175.3 1 0
bronivik/internal/service/booking_service.go:176.2,176.16 1 0
bronivik/internal/service/booking_service.go:176.16,178.3 1 0
bronivik/internal/service/booking_service.go:181.2,182.16 2 0
bronivik/internal/service/booking_service.go:182.16,184.3 1 0
bronivik/internal/service/booking_service.go:185.2,186.29 2 0
bronivik/internal/service/booking_service.go:186.29,187.27 1 0
bronivik/internal/service/booking_service.go:187.27,189.9 2 0
bronivik/internal/service/booking_service.go:192.2,192.23 1 0
bronivik/internal/service/booking_service.go:192.23,194.3 1 0
bronivik/internal/service/booking_service.go:196.2,197.16 2 0
bronivik/internal/service/booking_service.go:197.16,199.3 1 0
bronivik/internal/service/booking_service.go:201.2,202.16 2 0
bronivik/internal/service/booking_service.go:202.16,205.91 3 0
bronivik/internal/service/booking_service.go:205.91,207.4 1 0
bronivik/internal/service/booking_service.go:210.2,210.12 1 0
bronivik/internal/service/booking_service.go:213.105,215.16 2 0
bronivik/internal/service/booking_service.go:215.16,217.3 1 0
bronivik/internal/service/booking_service.go:219.2,220.16 2 0
bronivik/internal/service/booking_service.go:220.16,222.91 2 0
bronivik/internal/service/booking_service.go:222.91,224.4 1 0
bronivik/internal/service/booking_service.go:227.2,227.12 1 0
bronivik/internal/service/booking_service.go:230.139,232.2 1 0
bronivik/internal/service/booking_service.go:234.109,236.2 1 0
bronivik/internal/service/booking_service.go:238.105,240.2 1 0
bronivik/internal/service/booking_service.go:242.118,244.2 1 0
bronivik/internal/service/booking_service.go:246.93,248.2 1 0
bronivik/internal/service/booking_service.go:250.123,252.2 1 0
bronivik/internal/service/booking_service.go:254.139,255.23 1 1
bronivik/internal/service/booking_service.go:255.23,257.3 1 0
bronivik/internal/service/booking_service.go:259.2,272.67 2 1
bronivik/internal/service/booking_service.go:272.67,274.3 1 0
bronivik/internal/service/booking_service.go:277.100,278.27 1 1
bronivik/internal/service/booking_service.go:278.27,280.3 1 0
bronivik/internal/service/booking_service.go:282.2,283.33 2 1
bronivik/internal/service/booking_service.go:283.33,285.3 1 1
bronivik/internal/service/booking_service.go:287.2,287.96 1 1
bronivik/internal/service/booking_service.go:287.96,289.3 1 0
bronivik/internal/service/item_service.go:17.82,22.2 1 1
bronivik/internal/service/item_service.go:24.82,26.2 1 1
bronivik/internal/service/item_service.go:28.88,30.2 1 1
bronivik/internal/service/item_service.go:32.93,34.2 1 0
bronivik/internal/service/item_service.go:36.80,38.2 1 0
bronivik/internal/service/item_service.go:40.80,42.2 1 0
bronivik/internal/service/item_service.go:44.75,46.2 1 0
bronivik/internal/service/item_service.go:48.88,50.2 1 0
bronivik/internal/service/item_service.go:52.58,55.2 1 1
bronivik/internal/service/state.go:18.94,23.2 1 1
bronivik/internal/service/state.go:25.99,27.16 2 1
bronivik/internal/service/state.go:27.16,30.3 2 1
bronivik/internal/service/state.go:32.2,32.19 1 1
bronivik/internal/service/state.go:35.120,42.2 2 1
bronivik/internal/service/state.go:44.80,46.2 1 0
bronivik/internal/service/state.go:48.116,50.16 2 1
bronivik/internal/service/state.go:50.16,52.3 1 0
bronivik/internal/service/state.go:53.2,53.18 1 1
bronivik/internal/service/state.go:53.18,58.3 1 1
bronivik/internal/service/state.go:60.2,60.27 1 1
bronivik/internal/service/state.go:60.27,62.3 1 0
bronivik/internal/service/state.go:63.2,65.41 2 1
bronivik/internal/service/state.go:68.121,70.2 1 1
bronivik/internal/service/telegram_service.go:14.69,18.2 1 1
bronivik/internal/service/telegram_service.go:20.80,22.2 1 0
bronivik/internal/service/telegram_service.go:24.88,26.2 1 0
bronivik/internal/service/telegram_service.go:28.92,31.2 2 1
bronivik/internal/service/telegram_service.go:33.93,37.2 3 1
bronivik/internal/service/telegram_service.go:39.136,43.2 3 0
bronivik/internal/service/telegram_service.go:45.143,49.2 3 0
bronivik/internal/service/telegram_service.go:51.148,52.21 1 0
bronivik/internal/service/telegram_service.go:52.21,56.3 3 0
bronivik/internal/service/telegram_service.go:57.2,59.24 3 0
bronivik/internal/service/telegram_service.go:62.80,66.2 3 1
bronivik/internal/service/telegram_service.go:68.96,70.2 1 0
bronivik/internal/service/telegram_service.go:72.51,74.2 1 0
bronivik/internal/service/telegram_service.go:76.50,78.2 1 0
bronivik/internal/service/user_service.go:21.105,23.37 2 1
bronivik/internal/service/user_service.go:23.37,25.3 1 1
bronivik/internal/service/user_service.go:27.2,28.38 2 1
bronivik/internal/service/user_service.go:28.38,30.3 1 1
bronivik/internal/service/user_service.go:32.2,38.3 1 1
bronivik/internal/service/user_service.go:41.52,43.2 1 1
bronivik/internal/service/user_service.go:45.56,47.2 1 1
bronivik/internal/service/user_service.go:49.78,53.2 3 1
bronivik/internal/service/user_service.go:55.98,57.2 1 0
bronivik/internal/service/user_service.go:59.87,61.2 1 0
bronivik/internal/service/user_service.go:63.79,65.2 1 0
bronivik/internal/service/user_service.go:67.92,69.2 1 0
bronivik/internal/service/user_service.go:71.79,73.2 1 0
bronivik/internal/service/user_service.go:75.100,77.2 1 0
bronivik/internal/service/user_service.go:79.88,81.2 1 0
