mode: set
bronivik/internal/api/gen/availability/v1/availability.pb.go:32.42,37.2 4 0
bronivik/internal/api/gen/availability/v1/availability.pb.go:39.50,41.2 1 0
bronivik/internal/api/gen/availability/v1/availability.pb.go:43.48,43.49 0 0
bronivik/internal/api/gen/availability/v1/availability.pb.go:45.70,47.14 2 0
bronivik/internal/api/gen/availability/v1/availability.pb.go:47.14,49.34 2 0
bronivik/internal/api/gen/availability/v1/availability.pb.go:49.34,51.4 1 0
bronivik/internal/api/gen/availability/v1/availability.pb.go:52.3,52.12 1 0
bronivik/internal/api/gen/availability/v1/availability.pb.go:54.2,54.24 1 0
bronivik/internal/api/gen/availability/v1/availability.pb.go:58.61,60.2 1 0
bronivik/internal/api/gen/availability/v1/availability.pb.go:62.55,63.14 1 0
bronivik/internal/api/gen/availability/v1/availability.pb.go:63.14,65.3 1 0
bronivik/internal/api/gen/availability/v1/availability.pb.go:66.2,66.11 1 0
bronivik/internal/api/gen/availability/v1/availability.pb.go:69.51,70.14 1 0
bronivik/internal/api/gen/availability/v1/availability.pb.go:70.14,72.3 1 0
bronivik/internal/api/gen/availability/v1/availability.pb.go:73.2,73.11 1 0
bronivik/internal/api/gen/availability/v1/availability.pb.go:87.43,92.2 4 0
bronivik/internal/api/gen/availability/v1/availability.pb.go:94.51,96.2 1 0
bronivik/internal/api/gen/availability/v1/availability.pb.go:98.49,98.50 0 0
bronivik/internal/api/gen/availability/v1/availability.pb.go:100.71,102.14 2 0
bronivik/internal/api/gen/availability/v1/availability.pb.go:102.14,104.34 2 0
bronivik/internal/api/gen/availability/v1/availability.pb.go:104.34,106.4 1 0
bronivik/internal/api/gen/availability/v1/availability.pb.go:107.3,107.12 1 0
bronivik/internal/api/gen/availability/v1/availability.pb.go:109.2,109.24 1 0
bronivik/internal/api/gen/availability/v1/availability.pb.go:113.62,115.2 1 0
bronivik/internal/api/gen/availability/v1/availability.pb.go:117.56,118.14 1 0
bronivik/internal/api/gen/availability/v1/availability.pb.go:118.14,120.3 1 0
bronivik/internal/api/gen/availability/v1/availability.pb.go:121.2,121.11 1 0
bronivik/internal/api/gen/availability/v1/availability.pb.go:124.52,125.14 1 0
bronivik/internal/api/gen/availability/v1/availability.pb.go:125.14,127.3 1 0
bronivik/internal/api/gen/availability/v1/availability.pb.go:128.2,128.11 1 0
bronivik/internal/api/gen/availability/v1/availability.pb.go:131.55,132.14 1 0
bronivik/internal/api/gen/availability/v1/availability.pb.go:132.14,134.3 1 0
bronivik/internal/api/gen/availability/v1/availability.pb.go:135.2,135.14 1 0
bronivik/internal/api/gen/availability/v1/availability.pb.go:138.58,139.14 1 0
bronivik/internal/api/gen/availability/v1/availability.pb.go:139.14,141.3 1 0
bronivik/internal/api/gen/availability/v1/availability.pb.go:142.2,142.10 1 0
bronivik/internal/api/gen/availability/v1/availability.pb.go:145.52,146.14 1 0
bronivik/internal/api/gen/availability/v1/availability.pb.go:146.14,148.3 1 0
bronivik/internal/api/gen/availability/v1/availability.pb.go:149.2,149.10 1 0
bronivik/internal/api/gen/availability/v1/availability.pb.go:160.46,165.2 4 0
bronivik/internal/api/gen/availability/v1/availability.pb.go:167.54,169.2 1 0
bronivik/internal/api/gen/availability/v1/availability.pb.go:171.52,171.53 0 0
bronivik/internal/api/gen/availability/v1/availability.pb.go:173.74,175.14 2 0
bronivik/internal/api/gen/availability/v1/availability.pb.go:175.14,177.34 2 0
bronivik/internal/api/gen/availability/v1/availability.pb.go:177.34,179.4 1 0
bronivik/internal/api/gen/availability/v1/availability.pb.go:180.3,180.12 1 0
bronivik/internal/api/gen/availability/v1/availability.pb.go:182.2,182.24 1 0
bronivik/internal/api/gen/availability/v1/availability.pb.go:186.65,188.2 1 0
bronivik/internal/api/gen/availability/v1/availability.pb.go:190.58,191.14 1 0
bronivik/internal/api/gen/availability/v1/availability.pb.go:191.14,193.3 1 0
bronivik/internal/api/gen/availability/v1/availability.pb.go:194.2,194.12 1 0
bronivik/internal/api/gen/availability/v1/availability.pb.go:197.58,198.14 1 0
bronivik/internal/api/gen/availability/v1/availability.pb.go:198.14,200.3 1 0
bronivik/internal/api/gen/availability/v1/availability.pb.go:201.2,201.12 1 0
bronivik/internal/api/gen/availability/v1/availability.pb.go:215.32,220.2 4 0
bronivik/internal/api/gen/availability/v1/availability.pb.go:222.40,224.2 1 0
bronivik/internal/api/gen/availability/v1/availability.pb.go:226.38,226.39 0 0
bronivik/internal/api/gen/availability/v1/availability.pb.go:228.60,230.14 2 0
bronivik/internal/api/gen/availability/v1/availability.pb.go:230.14,232.34 2 0
bronivik/internal/api/gen/availability/v1/availability.pb.go:232.34,234.4 1 0
bronivik/internal/api/gen/availability/v1/availability.pb.go:235.3,235.12 1 0
bronivik/internal/api/gen/availability/v1/availability.pb.go:237.2,237.24 1 0
bronivik/internal/api/gen/availability/v1/availability.pb.go:241.51,243.2 1 0
bronivik/internal/api/gen/availability/v1/availability.pb.go:245.45,246.14 1 0
bronivik/internal/api/gen/availability/v1/availability.pb.go:246.14,248.3 1 0
bronivik/internal/api/gen/availability/v1/availability.pb.go:249.2,249.11 1 0
bronivik/internal/api/gen/availability/v1/availability.pb.go:252.41,253.14 1 0
bronivik/internal/api/gen/availability/v1/availability.pb.go:253.14,255.3 1 0
bronivik/internal/api/gen/availability/v1/availability.pb.go:256.2,256.11 1 0
bronivik/internal/api/gen/availability/v1/availability.pb.go:259.44,260.14 1 0
bronivik/internal/api/gen/availability/v1/availability.pb.go:260.14,262.3 1 0
bronivik/internal/api/gen/availability/v1/availability.pb.go:263.2,263.14 1 0
bronivik/internal/api/gen/availability/v1/availability.pb.go:266.47,267.14 1 0
bronivik/internal/api/gen/availability/v1/availability.pb.go:267.14,269.3 1 0
bronivik/internal/api/gen/availability/v1/availability.pb.go:270.2,270.10 1 0
bronivik/internal/api/gen/availability/v1/availability.pb.go:273.41,274.14 1 0
bronivik/internal/api/gen/availability/v1/availability.pb.go:274.14,276.3 1 0
bronivik/internal/api/gen/availability/v1/availability.pb.go:277.2,277.10 1 0
bronivik/internal/api/gen/availability/v1/availability.pb.go:287.47,292.2 4 0
bronivik/internal/api/gen/availability/v1/availability.pb.go:294.55,296.2 1 0
bronivik/internal/api/gen/availability/v1/availability.pb.go:298.53,298.54 0 0
bronivik/internal/api/gen/availability/v1/availability.pb.go:300.75,302.14 2 0
bronivik/internal/api/gen/availability/v1/availability.pb.go:302.14,304.34 2 0
bronivik/internal/api/gen/availability/v1/availability.pb.go:304.34,306.4 1 0
bronivik/internal/api/gen/availability/v1/availability.pb.go:307.3,307.12 1 0
bronivik/internal/api/gen/availability/v1/availability.pb.go:309.2,309.24 1 0
bronivik/internal/api/gen/availability/v1/availability.pb.go:313.66,315.2 1 0
bronivik/internal/api/gen/availability/v1/availability.pb.go:317.68,318.14 1 0
bronivik/internal/api/gen/availability/v1/availability.pb.go:318.14,320.3 1 0
bronivik/internal/api/gen/availability/v1/availability.pb.go:321.2,321.12 1 0
bronivik/internal/api/gen/availability/v1/availability.pb.go:330.36,335.2 4 0
bronivik/internal/api/gen/availability/v1/availability.pb.go:337.44,339.2 1 0
bronivik/internal/api/gen/availability/v1/availability.pb.go:341.42,341.43 0 0
bronivik/internal/api/gen/availability/v1/availability.pb.go:343.64,345.14 2 0
bronivik/internal/api/gen/availability/v1/availability.pb.go:345.14,347.34 2 0
bronivik/internal/api/gen/availability/v1/availability.pb.go:347.34,349.4 1 0
bronivik/internal/api/gen/availability/v1/availability.pb.go:350.3,350.12 1 0
bronivik/internal/api/gen/availability/v1/availability.pb.go:352.2,352.24 1 0
bronivik/internal/api/gen/availability/v1/availability.pb.go:356.55,358.2 1 0
bronivik/internal/api/gen/availability/v1/availability.pb.go:369.24,374.2 4 0
bronivik/internal/api/gen/availability/v1/availability.pb.go:376.32,378.2 1 0
bronivik/internal/api/gen/availability/v1/availability.pb.go:380.30,380.31 0 0
bronivik/internal/api/gen/availability/v1/availability.pb.go:382.52,384.14 2 0
bronivik/internal/api/gen/availability/v1/availability.pb.go:384.14,386.34 2 0
bronivik/internal/api/gen/availability/v1/availability.pb.go:386.34,388.4 1 0
bronivik/internal/api/gen/availability/v1/availability.pb.go:389.3,389.12 1 0
bronivik/internal/api/gen/availability/v1/availability.pb.go:391.2,391.24 1 0
bronivik/internal/api/gen/availability/v1/availability.pb.go:395.43,397.2 1 0
bronivik/internal/api/gen/availability/v1/availability.pb.go:399.30,400.14 1 0
bronivik/internal/api/gen/availability/v1/availability.pb.go:400.14,402.3 1 0
bronivik/internal/api/gen/availability/v1/availability.pb.go:403.2,403.10 1 0
bronivik/internal/api/gen/availability/v1/availability.pb.go:406.33,407.14 1 0
bronivik/internal/api/gen/availability/v1/availability.pb.go:407.14,409.3 1 0
bronivik/internal/api/gen/availability/v1/availability.pb.go:410.2,410.11 1 0
bronivik/internal/api/gen/availability/v1/availability.pb.go:413.41,414.14 1 0
bronivik/internal/api/gen/availability/v1/availability.pb.go:414.14,416.3 1 0
bronivik/internal/api/gen/availability/v1/availability.pb.go:417.2,417.10 1 0
bronivik/internal/api/gen/availability/v1/availability.pb.go:427.37,432.2 4 0
bronivik/internal/api/gen/availability/v1/availability.pb.go:434.45,436.2 1 0
bronivik/internal/api/gen/availability/v1/availability.pb.go:438.43,438.44 0 0
bronivik/internal/api/gen/availability/v1/availability.pb.go:440.65,442.14 2 0
bronivik/internal/api/gen/availability/v1/availability.pb.go:442.14,444.34 2 0
bronivik/internal/api/gen/availability/v1/availability.pb.go:444.34,446.4 1 0
bronivik/internal/api/gen/availability/v1/availability.pb.go:447.3,447.12 1 0
bronivik/internal/api/gen/availability/v1/availability.pb.go:449.2,449.24 1 0
bronivik/internal/api/gen/availability/v1/availability.pb.go:453.56,455.2 1 0
bronivik/internal/api/gen/availability/v1/availability.pb.go:457.48,458.14 1 0
bronivik/internal/api/gen/availability/v1/availability.pb.go:458.14,460.3 1 0
bronivik/internal/api/gen/availability/v1/availability.pb.go:461.2,461.12 1 0
bronivik/internal/api/gen/availability/v1/availability.pb.go:506.67,507.64 1 0
bronivik/internal/api/gen/availability/v1/availability.pb.go:507.64,509.3 1 0
bronivik/internal/api/gen/availability/v1/availability.pb.go:510.2,510.60 1 0
bronivik/internal/api/gen/availability/v1/availability.pb.go:540.13,540.63 1 0
bronivik/internal/api/gen/availability/v1/availability.pb.go:541.53,542.52 1 0
bronivik/internal/api/gen/availability/v1/availability.pb.go:542.52,544.3 1 0
bronivik/internal/api/gen/availability/v1/availability.pb.go:545.2,561.55 5 0
bronivik/internal/api/gen/availability/v1/availability_grpc.pb.go:43.90,45.2 1 0
bronivik/internal/api/gen/availability/v1/availability_grpc.pb.go:47.161,51.16 4 0
bronivik/internal/api/gen/availability/v1/availability_grpc.pb.go:51.16,53.3 1 0
bronivik/internal/api/gen/availability/v1/availability_grpc.pb.go:54.2,54.17 1 0
bronivik/internal/api/gen/availability/v1/availability_grpc.pb.go:57.173,61.16 4 0
bronivik/internal/api/gen/availability/v1/availability_grpc.pb.go:61.16,63.3 1 0
bronivik/internal/api/gen/availability/v1/availability_grpc.pb.go:64.2,64.17 1 0
bronivik/internal/api/gen/availability/v1/availability_grpc.pb.go:67.143,71.16 4 0
bronivik/internal/api/gen/availability/v1/availability_grpc.pb.go:71.16,73.3 1 0
bronivik/internal/api/gen/availability/v1/availability_grpc.pb.go:74.2,74.17 1 0
bronivik/internal/api/gen/availability/v1/availability_grpc.pb.go:97.139,99.2 1 0
bronivik/internal/api/gen/availability/v1/availability_grpc.pb.go:100.151,102.2 1 0
bronivik/internal/api/gen/availability/v1/availability_grpc.pb.go:103.121,105.2 1 0
bronivik/internal/api/gen/availability/v1/availability_grpc.pb.go:106.98,106.99 0 0
bronivik/internal/api/gen/availability/v1/availability_grpc.pb.go:107.98,107.99 0 0
bronivik/internal/api/gen/availability/v1/availability_grpc.pb.go:116.96,121.59 1 0
bronivik/internal/api/gen/availability/v1/availability_grpc.pb.go:121.59,123.3 1 0
bronivik/internal/api/gen/availability/v1/availability_grpc.pb.go:124.2,124.58 1 0
bronivik/internal/api/gen/availability/v1/availability_grpc.pb.go:127.180,129.32 2 0
bronivik/internal/api/gen/availability/v1/availability_grpc.pb.go:129.32,131.3 1 0
bronivik/internal/api/gen/availability/v1/availability_grpc.pb.go:132.2,132.24 1 0
bronivik/internal/api/gen/availability/v1/availability_grpc.pb.go:132.24,134.3 1 0
bronivik/internal/api/gen/availability/v1/availability_grpc.pb.go:135.2,139.77 2 0
bronivik/internal/api/gen/availability/v1/availability_grpc.pb.go:139.77,141.3 1 0
bronivik/internal/api/gen/availability/v1/availability_grpc.pb.go:142.2,142.44 1 0
bronivik/internal/api/gen/availability/v1/availability_grpc.pb.go:145.184,147.32 2 0
bronivik/internal/api/gen/availability/v1/availability_grpc.pb.go:147.32,149.3 1 0
bronivik/internal/api/gen/availability/v1/availability_grpc.pb.go:150.2,150.24 1 0
bronivik/internal/api/gen/availability/v1/availability_grpc.pb.go:150.24,152.3 1 0
bronivik/internal/api/gen/availability/v1/availability_grpc.pb.go:153.2,157.77 2 0
bronivik/internal/api/gen/availability/v1/availability_grpc.pb.go:157.77,159.3 1 0
bronivik/internal/api/gen/availability/v1/availability_grpc.pb.go:160.2,160.44 1 0
bronivik/internal/api/gen/availability/v1/availability_grpc.pb.go:163.174,165.32 2 0
bronivik/internal/api/gen/availability/v1/availability_grpc.pb.go:165.32,167.3 1 0
bronivik/internal/api/gen/availability/v1/availability_grpc.pb.go:168.2,168.24 1 0
bronivik/internal/api/gen/availability/v1/availability_grpc.pb.go:168.24,170.3 1 0
bronivik/internal/api/gen/availability/v1/availability_grpc.pb.go:171.2,175.77 2 0
bronivik/internal/api/gen/availability/v1/availability_grpc.pb.go:175.77,177.3 1 0
bronivik/internal/api/gen/availability/v1/availability_grpc.pb.go:178.2,178.44 1 0
bronivik/internal/api/auth.go:28.64,30.37 2 0
bronivik/internal/api/auth.go:30.37,32.3 1 0
bronivik/internal/api/auth.go:34.2,34.55 1 0
bronivik/internal/api/auth.go:37.63,38.112 1 0
bronivik/internal/api/auth.go:38.112,39.21 1 0
bronivik/internal/api/auth.go:39.21,41.4 1 0
bronivik/internal/api/auth.go:43.3,43.25 1 0
bronivik/internal/api/auth.go:43.25,44.60 1 0
bronivik/internal/api/auth.go:44.60,46.5 1 0
bronivik/internal/api/auth.go:48.3,48.47 1 0
bronivik/internal/api/auth.go:48.47,50.4 1 0
bronivik/internal/api/auth.go:52.3,52.27 1 0
bronivik/internal/api/auth.go:56.83,58.9 2 0
bronivik/internal/api/auth.go:58.9,60.3 1 0
bronivik/internal/api/auth.go:62.2,63.24 2 0
bronivik/internal/api/auth.go:63.24,65.3 1 0
bronivik/internal/api/auth.go:67.2,68.23 2 0
bronivik/internal/api/auth.go:68.23,70.3 1 0
bronivik/internal/api/auth.go:72.2,74.33 3 0
bronivik/internal/api/auth.go:74.33,76.3 1 0
bronivik/internal/api/auth.go:78.2,79.9 2 0
bronivik/internal/api/auth.go:79.9,81.3 1 0
bronivik/internal/api/auth.go:83.2,83.74 1 0
bronivik/internal/api/auth.go:83.74,85.3 1 0
bronivik/internal/api/auth.go:87.2,87.63 1 0
bronivik/internal/api/auth.go:87.63,89.3 1 0
bronivik/internal/api/auth.go:91.2,91.12 1 0
bronivik/internal/api/auth.go:94.97,96.20 2 0
bronivik/internal/api/auth.go:96.20,98.3 1 0
bronivik/internal/api/auth.go:101.2,101.34 1 0
bronivik/internal/api/auth.go:101.34,103.3 1 0
bronivik/internal/api/auth.go:105.2,105.39 1 0
bronivik/internal/api/auth.go:105.39,106.39 1 0
bronivik/internal/api/auth.go:106.39,108.4 1 0
bronivik/internal/api/auth.go:110.2,110.66 1 0
bronivik/internal/api/auth.go:113.51,114.20 1 0
bronivik/internal/api/auth.go:115.71,116.29 1 0
bronivik/internal/api/auth.go:117.75,118.29 1 0
bronivik/internal/api/auth.go:119.65,120.22 1 0
bronivik/internal/api/auth.go:121.10,122.12 1 0
bronivik/internal/api/auth.go:126.69,127.30 1 0
bronivik/internal/api/auth.go:127.30,129.3 1 0
bronivik/internal/api/auth.go:131.2,133.18 3 0
bronivik/internal/api/auth.go:133.18,135.3 1 0
bronivik/internal/api/auth.go:136.2,136.12 1 0
bronivik/internal/api/auth.go:139.65,142.24 3 0
bronivik/internal/api/auth.go:142.24,144.3 1 0
bronivik/internal/api/auth.go:145.2,146.18 2 0
bronivik/internal/api/auth.go:146.18,148.3 1 0
bronivik/internal/api/auth.go:150.2,150.57 1 0
bronivik/internal/api/auth.go:150.57,152.3 1 0
bronivik/internal/api/auth.go:153.2,153.18 1 0
bronivik/internal/api/auth.go:156.64,157.39 1 0
bronivik/internal/api/auth.go:157.39,159.3 1 0
bronivik/internal/api/auth.go:161.2,162.16 2 0
bronivik/internal/api/auth.go:162.16,164.3 1 0
bronivik/internal/api/auth.go:166.2,168.12 3 0
bronivik/internal/api/auth.go:168.12,170.3 1 0
bronivik/internal/api/auth.go:171.2,171.12 1 0
bronivik/internal/api/auth.go:174.34,175.20 1 0
bronivik/internal/api/auth.go:175.20,177.3 1 0
bronivik/internal/api/auth.go:178.2,178.35 1 0
bronivik/internal/api/auth.go:181.82,183.19 2 0
bronivik/internal/api/auth.go:183.19,185.3 1 0
bronivik/internal/api/auth.go:187.2,187.112 1 0
bronivik/internal/api/auth.go:187.112,196.17 7 0
bronivik/internal/api/auth.go:196.17,198.4 1 0
bronivik/internal/api/auth.go:200.3,201.58 2 0
bronivik/internal/api/auth.go:201.58,203.4 1 0
bronivik/internal/api/auth.go:205.3,213.19 2 0
bronivik/internal/api/auth.go:219.56,221.8 2 0
bronivik/internal/api/auth.go:221.8,222.58 1 0
bronivik/internal/api/auth.go:222.58,223.50 1 0
bronivik/internal/api/auth.go:223.50,225.5 1 0
bronivik/internal/api/auth.go:228.2,228.25 1 0
bronivik/internal/api/handlers.go:21.67,24.27 3 1
bronivik/internal/api/handlers.go:24.27,26.3 1 1
bronivik/internal/api/handlers.go:28.2,31.3 1 1
bronivik/internal/api/handlers.go:34.161,36.20 2 1
bronivik/internal/api/handlers.go:36.20,38.3 1 0
bronivik/internal/api/handlers.go:40.2,41.19 2 1
bronivik/internal/api/handlers.go:41.19,43.3 1 0
bronivik/internal/api/handlers.go:45.2,46.9 2 1
bronivik/internal/api/handlers.go:46.9,48.3 1 1
bronivik/internal/api/handlers.go:50.2,51.16 2 1
bronivik/internal/api/handlers.go:51.16,53.3 1 1
bronivik/internal/api/handlers.go:55.2,56.16 2 1
bronivik/internal/api/handlers.go:56.16,58.3 1 0
bronivik/internal/api/handlers.go:60.2,69.8 3 1
bronivik/internal/api/handlers.go:72.173,75.21 3 1
bronivik/internal/api/handlers.go:75.21,77.3 1 0
bronivik/internal/api/handlers.go:78.2,78.21 1 1
bronivik/internal/api/handlers.go:78.21,80.3 1 0
bronivik/internal/api/handlers.go:82.2,83.32 2 1
bronivik/internal/api/handlers.go:83.32,86.10 3 1
bronivik/internal/api/handlers.go:86.10,88.12 1 1
bronivik/internal/api/handlers.go:91.3,91.33 1 1
bronivik/internal/api/handlers.go:91.33,94.18 3 1
bronivik/internal/api/handlers.go:94.18,96.5 1 0
bronivik/internal/api/handlers.go:98.4,99.18 2 1
bronivik/internal/api/handlers.go:99.18,101.5 1 0
bronivik/internal/api/handlers.go:103.4,110.6 2 1
bronivik/internal/api/handlers.go:114.2,114.75 1 1
bronivik/internal/api/handlers.go:117.141,120.27 3 1
bronivik/internal/api/handlers.go:120.27,126.3 1 1
bronivik/internal/api/handlers.go:127.2,127.59 1 1
bronivik/internal/api/http_server.go:37.159,45.19 3 1
bronivik/internal/api/http_server.go:45.19,47.3 1 1
bronivik/internal/api/http_server.go:48.2,65.12 9 1
bronivik/internal/api/http_server.go:68.36,69.21 1 0
bronivik/internal/api/http_server.go:69.21,71.3 1 0
bronivik/internal/api/http_server.go:72.2,73.81 2 0
bronivik/internal/api/http_server.go:73.81,75.3 1 0
bronivik/internal/api/http_server.go:76.2,76.12 1 0
bronivik/internal/api/http_server.go:79.58,80.21 1 0
bronivik/internal/api/http_server.go:80.21,82.3 1 0
bronivik/internal/api/http_server.go:83.2,83.31 1 0
bronivik/internal/api/http_server.go:86.81,88.32 2 1
bronivik/internal/api/http_server.go:88.32,91.3 2 0
bronivik/internal/api/http_server.go:93.2,94.44 2 1
bronivik/internal/api/http_server.go:94.44,97.3 2 0
bronivik/internal/api/http_server.go:99.2,102.43 3 1
bronivik/internal/api/http_server.go:102.43,103.173 1 1
bronivik/internal/api/http_server.go:103.173,105.4 1 1
bronivik/internal/api/http_server.go:106.3,106.12 1 0
bronivik/internal/api/http_server.go:109.2,109.55 1 1
bronivik/internal/api/http_server.go:109.55,112.3 2 0
bronivik/internal/api/http_server.go:114.2,115.19 2 1
bronivik/internal/api/http_server.go:115.19,118.3 2 0
bronivik/internal/api/http_server.go:120.2,121.16 2 1
bronivik/internal/api/http_server.go:121.16,124.3 2 0
bronivik/internal/api/http_server.go:126.2,127.16 2 1
bronivik/internal/api/http_server.go:127.16,130.3 2 1
bronivik/internal/api/http_server.go:132.2,137.35 2 1
bronivik/internal/api/http_server.go:140.85,142.63 2 0
bronivik/internal/api/http_server.go:142.63,145.3 2 0
bronivik/internal/api/http_server.go:147.2,153.32 3 0
bronivik/internal/api/http_server.go:153.32,156.3 2 0
bronivik/internal/api/http_server.go:156.8,159.47 3 0
bronivik/internal/api/http_server.go:159.47,162.4 2 0
bronivik/internal/api/http_server.go:165.2,165.26 1 0
bronivik/internal/api/http_server.go:165.26,168.3 2 0
bronivik/internal/api/http_server.go:169.2,169.26 1 0
bronivik/internal/api/http_server.go:169.26,172.3 2 0
bronivik/internal/api/http_server.go:174.2,175.37 2 0
bronivik/internal/api/http_server.go:175.37,177.21 2 0
bronivik/internal/api/http_server.go:177.21,178.12 1 0
bronivik/internal/api/http_server.go:180.3,180.38 1 0
bronivik/internal/api/http_server.go:180.38,182.21 2 0
bronivik/internal/api/http_server.go:182.21,183.13 1 0
bronivik/internal/api/http_server.go:185.4,186.18 2 0
bronivik/internal/api/http_server.go:186.18,189.5 2 0
bronivik/internal/api/http_server.go:191.4,192.18 2 0
bronivik/internal/api/http_server.go:192.18,194.13 1 0
bronivik/internal/api/http_server.go:197.4,203.6 1 0
bronivik/internal/api/http_server.go:207.2,207.65 1 0
bronivik/internal/api/http_server.go:210.76,213.2 2 1
bronivik/internal/api/http_server.go:215.75,220.46 3 1
bronivik/internal/api/http_server.go:220.46,224.3 3 0
bronivik/internal/api/http_server.go:227.2,227.26 1 1
bronivik/internal/api/http_server.go:227.26,228.61 1 0
bronivik/internal/api/http_server.go:228.61,232.4 3 0
bronivik/internal/api/http_server.go:236.2,236.28 1 1
bronivik/internal/api/http_server.go:236.28,237.61 1 0
bronivik/internal/api/http_server.go:237.61,241.4 3 0
bronivik/internal/api/http_server.go:244.2,245.33 2 1
bronivik/internal/api/http_server.go:248.74,250.32 2 1
bronivik/internal/api/http_server.go:250.32,253.3 2 0
bronivik/internal/api/http_server.go:255.2,256.40 2 1
bronivik/internal/api/http_server.go:256.40,257.47 1 1
bronivik/internal/api/http_server.go:257.47,259.4 1 1
bronivik/internal/api/http_server.go:260.3,260.49 1 0
bronivik/internal/api/http_server.go:263.2,263.61 1 1
bronivik/internal/api/http_server.go:267.53,268.71 1 1
bronivik/internal/api/http_server.go:268.71,273.37 4 1
bronivik/internal/api/http_server.go:273.37,276.4 2 0
bronivik/internal/api/http_server.go:278.3,278.23 1 1
bronivik/internal/api/http_server.go:289.50,291.37 2 1
bronivik/internal/api/http_server.go:291.37,293.3 1 1
bronivik/internal/api/http_server.go:294.2,294.40 1 1
bronivik/internal/api/http_server.go:297.57,298.71 1 1
bronivik/internal/api/http_server.go:298.71,299.44 1 1
bronivik/internal/api/http_server.go:299.44,302.4 2 0
bronivik/internal/api/http_server.go:304.3,304.25 1 1
bronivik/internal/api/http_server.go:304.25,305.41 1 1
bronivik/internal/api/http_server.go:305.41,307.35 2 1
bronivik/internal/api/http_server.go:307.35,309.6 1 0
bronivik/internal/api/http_server.go:310.5,311.11 2 1
bronivik/internal/api/http_server.go:315.3,315.45 1 1
bronivik/internal/api/http_server.go:315.45,318.4 2 0
bronivik/internal/api/http_server.go:320.3,320.23 1 1
bronivik/internal/api/http_server.go:326.53,328.24 2 1
bronivik/internal/api/http_server.go:328.24,330.3 1 0
bronivik/internal/api/http_server.go:331.2,332.23 2 1
bronivik/internal/api/http_server.go:332.23,334.3 1 0
bronivik/internal/api/http_server.go:336.2,338.33 3 1
bronivik/internal/api/http_server.go:338.33,340.3 1 1
bronivik/internal/api/http_server.go:342.2,343.9 2 1
bronivik/internal/api/http_server.go:343.9,345.3 1 1
bronivik/internal/api/http_server.go:346.2,346.74 1 1
bronivik/internal/api/http_server.go:346.74,348.3 1 0
bronivik/internal/api/http_server.go:350.2,350.54 1 1
bronivik/internal/api/http_server.go:350.54,352.3 1 0
bronivik/internal/api/http_server.go:354.2,354.12 1 1
bronivik/internal/api/http_server.go:357.88,359.20 2 1
bronivik/internal/api/http_server.go:359.20,361.3 1 0
bronivik/internal/api/http_server.go:362.2,362.34 1 1
bronivik/internal/api/http_server.go:362.34,364.3 1 0
bronivik/internal/api/http_server.go:365.2,365.39 1 1
bronivik/internal/api/http_server.go:365.39,366.39 1 1
bronivik/internal/api/http_server.go:366.39,368.4 1 1
bronivik/internal/api/http_server.go:370.2,370.28 1 0
bronivik/internal/api/http_server.go:373.53,375.53 2 1
bronivik/internal/api/http_server.go:375.53,377.3 1 0
bronivik/internal/api/http_server.go:378.2,378.29 1 1
bronivik/internal/api/http_server.go:378.29,380.3 1 1
bronivik/internal/api/http_server.go:381.2,381.11 1 0
bronivik/internal/api/http_server.go:384.58,385.30 1 1
bronivik/internal/api/http_server.go:385.30,387.3 1 1
bronivik/internal/api/http_server.go:389.2,391.18 3 0
bronivik/internal/api/http_server.go:391.18,393.3 1 0
bronivik/internal/api/http_server.go:394.2,394.12 1 0
bronivik/internal/api/http_server.go:397.54,399.24 2 0
bronivik/internal/api/http_server.go:399.24,401.3 1 0
bronivik/internal/api/http_server.go:403.2,403.75 1 0
bronivik/internal/api/http_server.go:403.75,405.3 1 0
bronivik/internal/api/http_server.go:407.2,408.30 2 0
bronivik/internal/api/http_server.go:408.30,410.3 1 0
bronivik/internal/api/http_server.go:411.2,411.18 1 0
bronivik/internal/api/http_server.go:414.57,415.39 1 0
bronivik/internal/api/http_server.go:415.39,417.3 1 0
bronivik/internal/api/http_server.go:419.2,420.16 2 0
bronivik/internal/api/http_server.go:420.16,422.3 1 0
bronivik/internal/api/http_server.go:424.2,426.12 3 0
bronivik/internal/api/http_server.go:426.12,428.3 1 0
bronivik/internal/api/http_server.go:429.2,429.12 1 0
bronivik/internal/api/http_server.go:432.72,433.71 1 1
bronivik/internal/api/http_server.go:433.71,453.3 9 1
bronivik/internal/api/http_server.go:460.50,461.70 1 1
bronivik/internal/api/http_server.go:461.70,463.3 1 0
bronivik/internal/api/http_server.go:464.2,464.25 1 1
bronivik/internal/api/http_server.go:467.41,469.16 2 1
bronivik/internal/api/http_server.go:469.16,471.3 1 0
bronivik/internal/api/http_server.go:472.2,472.13 1 1
bronivik/internal/api/http_server.go:475.68,479.2 3 1
bronivik/internal/api/http_server.go:481.72,483.2 1 1
bronivik/internal/api/http_server.go:485.36,486.15 1 0
bronivik/internal/api/http_server.go:486.15,488.3 1 0
bronivik/internal/api/http_server.go:489.2,491.26 3 0
bronivik/internal/api/http_server.go:491.26,492.53 1 0
bronivik/internal/api/http_server.go:492.53,494.4 1 0
bronivik/internal/api/http_server.go:496.2,496.12 1 0
bronivik/internal/api/http_server.go:504.50,507.2 2 1
bronivik/internal/api/interceptors.go:9.102,10.112 1 0
bronivik/internal/api/interceptors.go:10.112,12.47 2 0
bronivik/internal/api/interceptors.go:12.47,15.76 3 0
bronivik/internal/api/interceptors.go:15.76,17.5 1 0
bronivik/internal/api/interceptors.go:19.3,19.27 1 0
bronivik/internal/api/server.go:29.104,32.16 3 0
bronivik/internal/api/server.go:32.16,34.3 1 0
bronivik/internal/api/server.go:36.2,43.26 4 0
bronivik/internal/api/server.go:43.26,45.17 2 0
bronivik/internal/api/server.go:45.17,47.4 1 0
bronivik/internal/api/server.go:48.3,48.74 1 0
bronivik/internal/api/server.go:51.2,56.25 4 0
bronivik/internal/api/server.go:56.25,58.3 1 0
bronivik/internal/api/server.go:60.2,61.19 2 0
bronivik/internal/api/server.go:61.19,63.3 1 0
bronivik/internal/api/server.go:65.2,71.8 1 0
bronivik/internal/api/server.go:74.67,75.45 1 0
bronivik/internal/api/server.go:75.45,77.3 1 0
bronivik/internal/api/server.go:79.2,80.16 2 0
bronivik/internal/api/server.go:80.16,82.3 1 0
bronivik/internal/api/server.go:84.2,89.27 2 0
bronivik/internal/api/server.go:89.27,90.29 1 0
bronivik/internal/api/server.go:90.29,92.4 1 0
bronivik/internal/api/server.go:93.3,94.17 2 0
bronivik/internal/api/server.go:94.17,96.4 1 0
bronivik/internal/api/server.go:97.3,98.38 2 0
bronivik/internal/api/server.go:98.38,100.4 1 0
bronivik/internal/api/server.go:101.3,102.26 2 0
bronivik/internal/api/server.go:105.2,105.20 1 0
bronivik/internal/api/server.go:108.36,109.23 1 0
bronivik/internal/api/server.go:109.23,111.3 1 0
bronivik/internal/api/server.go:112.2,112.35 1 0
bronivik/internal/api/server.go:115.36,118.2 2 0
bronivik/internal/api/server.go:120.52,121.21 1 0
bronivik/internal/api/server.go:121.21,123.3 1 0
bronivik/internal/api/server.go:125.2,126.12 2 0
bronivik/internal/api/server.go:126.12,129.3 2 0
bronivik/internal/api/server.go:131.2,131.9 1 0
bronivik/internal/api/server.go:132.14,133.9 1 0
bronivik/internal/api/server.go:134.20,137.9 3 0
bronivik/internal/api/server.go:138.38,141.9 3 0
