mode: set
bronivik/internal/google/sheets_simple.go:28.108,33.16 3 0
bronivik/internal/google/sheets_simple.go:33.16,35.3 1 0
bronivik/internal/google/sheets_simple.go:38.2,39.16 2 0
bronivik/internal/google/sheets_simple.go:39.16,41.3 1 0
bronivik/internal/google/sheets_simple.go:44.2,48.16 3 0
bronivik/internal/google/sheets_simple.go:48.16,50.3 1 0
bronivik/internal/google/sheets_simple.go:52.2,60.12 2 0
bronivik/internal/google/sheets_simple.go:60.12,64.3 3 0
bronivik/internal/google/sheets_simple.go:67.2,67.12 1 0
bronivik/internal/google/sheets_simple.go:67.12,70.22 3 0
bronivik/internal/google/sheets_simple.go:70.22,74.4 3 0
bronivik/internal/google/sheets_simple.go:77.2,77.21 1 0
bronivik/internal/google/sheets_simple.go:81.67,84.16 2 0
bronivik/internal/google/sheets_simple.go:84.16,86.3 1 0
bronivik/internal/google/sheets_simple.go:87.2,87.12 1 0
bronivik/internal/google/sheets_simple.go:91.88,93.16 2 1
bronivik/internal/google/sheets_simple.go:93.16,95.3 1 1
bronivik/internal/google/sheets_simple.go:97.2,101.53 2 1
bronivik/internal/google/sheets_simple.go:101.53,103.3 1 0
bronivik/internal/google/sheets_simple.go:105.2,105.31 1 1
bronivik/internal/google/sheets_simple.go:109.91,118.29 4 0
bronivik/internal/google/sheets_simple.go:118.29,133.3 2 0
bronivik/internal/google/sheets_simple.go:136.2,147.12 4 0
bronivik/internal/google/sheets_simple.go:151.64,153.16 2 0
bronivik/internal/google/sheets_simple.go:153.16,155.3 1 0
bronivik/internal/google/sheets_simple.go:157.2,162.34 5 0
bronivik/internal/google/sheets_simple.go:162.34,163.20 1 0
bronivik/internal/google/sheets_simple.go:163.20,164.12 1 0
bronivik/internal/google/sheets_simple.go:166.3,167.29 2 0
bronivik/internal/google/sheets_simple.go:168.16,169.17 1 0
bronivik/internal/google/sheets_simple.go:170.15,171.28 1 0
bronivik/internal/google/sheets_simple.go:173.3,173.13 1 0
bronivik/internal/google/sheets_simple.go:173.13,175.4 1 0
bronivik/internal/google/sheets_simple.go:177.2,177.12 1 0
bronivik/internal/google/sheets_simple.go:181.91,206.54 5 0
bronivik/internal/google/sheets_simple.go:206.54,210.31 3 0
bronivik/internal/google/sheets_simple.go:210.31,212.4 1 0
bronivik/internal/google/sheets_simple.go:215.2,215.12 1 0
bronivik/internal/google/sheets_simple.go:219.91,220.20 1 0
bronivik/internal/google/sheets_simple.go:220.20,222.3 1 0
bronivik/internal/google/sheets_simple.go:224.2,225.16 2 0
bronivik/internal/google/sheets_simple.go:225.16,226.37 1 0
bronivik/internal/google/sheets_simple.go:226.37,228.4 1 0
bronivik/internal/google/sheets_simple.go:229.3,229.13 1 0
bronivik/internal/google/sheets_simple.go:232.2,241.12 4 0
bronivik/internal/google/sheets_simple.go:245.86,247.16 2 0
bronivik/internal/google/sheets_simple.go:247.16,249.3 1 0
bronivik/internal/google/sheets_simple.go:251.2,255.16 3 0
bronivik/internal/google/sheets_simple.go:255.16,257.3 1 0
bronivik/internal/google/sheets_simple.go:258.2,258.12 1 0
bronivik/internal/google/sheets_simple.go:262.104,264.16 2 0
bronivik/internal/google/sheets_simple.go:264.16,266.3 1 0
bronivik/internal/google/sheets_simple.go:268.2,274.16 4 0
bronivik/internal/google/sheets_simple.go:274.16,276.3 1 0
bronivik/internal/google/sheets_simple.go:278.2,282.12 3 0
bronivik/internal/google/sheets_simple.go:286.91,287.20 1 0
bronivik/internal/google/sheets_simple.go:287.20,289.3 1 0
bronivik/internal/google/sheets_simple.go:291.2,291.46 1 0
bronivik/internal/google/sheets_simple.go:291.46,293.3 1 0
bronivik/internal/google/sheets_simple.go:296.2,297.16 2 0
bronivik/internal/google/sheets_simple.go:297.16,299.3 1 0
bronivik/internal/google/sheets_simple.go:301.2,305.34 4 0
bronivik/internal/google/sheets_simple.go:305.34,306.20 1 0
bronivik/internal/google/sheets_simple.go:306.20,307.12 1 0
bronivik/internal/google/sheets_simple.go:309.3,310.29 2 0
bronivik/internal/google/sheets_simple.go:311.16,312.17 1 0
bronivik/internal/google/sheets_simple.go:313.15,314.28 1 0
bronivik/internal/google/sheets_simple.go:317.3,317.13 1 0
bronivik/internal/google/sheets_simple.go:317.13,320.23 3 0
bronivik/internal/google/sheets_simple.go:320.23,322.5 1 0
bronivik/internal/google/sheets_simple.go:326.2,326.18 1 0
bronivik/internal/google/sheets_simple.go:326.18,328.3 1 0
bronivik/internal/google/sheets_simple.go:330.2,330.26 1 0
bronivik/internal/google/sheets_simple.go:335.60,340.2 4 1
bronivik/internal/google/sheets_simple.go:342.57,346.2 3 1
bronivik/internal/google/sheets_simple.go:348.50,352.2 3 1
bronivik/internal/google/sheets_simple.go:355.38,359.2 3 1
bronivik/internal/google/sheets_simple.go:361.62,374.2 1 1
bronivik/internal/google/sheets_simple.go:377.100,385.35 4 0
bronivik/internal/google/sheets_simple.go:385.35,399.3 2 0
bronivik/internal/google/sheets_simple.go:402.2,412.12 4 0
bronivik/internal/google/sheets_simple.go:416.166,418.16 2 0
bronivik/internal/google/sheets_simple.go:418.16,420.3 1 0
bronivik/internal/google/sheets_simple.go:422.2,422.50 1 0
bronivik/internal/google/sheets_simple.go:422.50,424.3 1 0
bronivik/internal/google/sheets_simple.go:426.2,427.15 2 0
bronivik/internal/google/sheets_simple.go:427.15,429.3 1 0
bronivik/internal/google/sheets_simple.go:431.2,446.18 8 0
bronivik/internal/google/sheets_simple.go:446.18,448.3 1 0
bronivik/internal/google/sheets_simple.go:451.2,451.36 1 0
bronivik/internal/google/sheets_simple.go:451.36,455.49 3 0
bronivik/internal/google/sheets_simple.go:455.49,469.4 1 0
bronivik/internal/google/sheets_simple.go:472.2,472.21 1 0
bronivik/internal/google/sheets_simple.go:472.21,474.3 1 0
bronivik/internal/google/sheets_simple.go:474.8,476.3 1 0
bronivik/internal/google/sheets_simple.go:478.2,478.55 1 0
bronivik/internal/google/sheets_simple.go:478.55,480.3 1 0
bronivik/internal/google/sheets_simple.go:482.2,482.29 1 0
bronivik/internal/google/sheets_simple.go:482.29,483.65 1 0
bronivik/internal/google/sheets_simple.go:483.65,485.4 1 0
bronivik/internal/google/sheets_simple.go:488.2,488.48 1 0
bronivik/internal/google/sheets_simple.go:491.71,494.16 3 0
bronivik/internal/google/sheets_simple.go:494.16,496.3 1 0
bronivik/internal/google/sheets_simple.go:497.2,497.12 1 0
bronivik/internal/google/sheets_simple.go:500.78,522.2 1 0
bronivik/internal/google/sheets_simple.go:524.95,528.52 4 1
bronivik/internal/google/sheets_simple.go:528.52,532.3 3 1
bronivik/internal/google/sheets_simple.go:533.2,533.25 1 1
bronivik/internal/google/sheets_simple.go:533.25,536.3 2 0
bronivik/internal/google/sheets_simple.go:537.2,537.28 1 1
bronivik/internal/google/sheets_simple.go:540.93,566.2 1 0
bronivik/internal/google/sheets_simple.go:568.176,573.53 4 1
bronivik/internal/google/sheets_simple.go:573.53,578.30 4 1
bronivik/internal/google/sheets_simple.go:578.30,579.27 1 1
bronivik/internal/google/sheets_simple.go:579.27,581.5 1 1
bronivik/internal/google/sheets_simple.go:584.3,594.45 4 1
bronivik/internal/google/sheets_simple.go:596.2,596.29 1 1
bronivik/internal/google/sheets_simple.go:599.117,603.22 3 1
bronivik/internal/google/sheets_simple.go:603.22,605.3 1 1
bronivik/internal/google/sheets_simple.go:607.2,609.35 3 1
bronivik/internal/google/sheets_simple.go:609.35,611.19 2 1
bronivik/internal/google/sheets_simple.go:612.55,613.22 1 1
bronivik/internal/google/sheets_simple.go:614.51,616.25 2 1
bronivik/internal/google/sheets_simple.go:617.31,618.22 1 0
bronivik/internal/google/sheets_simple.go:621.3,622.22 2 1
bronivik/internal/google/sheets_simple.go:622.22,624.4 1 0
bronivik/internal/google/sheets_simple.go:626.2,629.44 3 1
bronivik/internal/google/sheets_simple.go:629.44,630.21 1 1
bronivik/internal/google/sheets_simple.go:630.21,632.4 1 0
bronivik/internal/google/sheets_simple.go:632.9,634.4 1 1
bronivik/internal/google/sheets_simple.go:635.8,636.21 1 1
bronivik/internal/google/sheets_simple.go:636.21,638.4 1 1
bronivik/internal/google/sheets_simple.go:638.9,640.4 1 1
bronivik/internal/google/sheets_simple.go:643.2,643.27 1 1
bronivik/internal/google/sheets_simple.go:646.74,648.32 2 1
bronivik/internal/google/sheets_simple.go:648.32,650.3 1 1
bronivik/internal/google/sheets_simple.go:651.2,651.16 1 1
bronivik/internal/google/sheets_simple.go:654.90,673.2 1 0
bronivik/internal/google/sheets_simple.go:675.92,679.16 3 0
bronivik/internal/google/sheets_simple.go:679.16,681.3 1 0
bronivik/internal/google/sheets_simple.go:682.2,682.12 1 0
bronivik/internal/google/sheets_simple.go:685.97,688.16 3 0
bronivik/internal/google/sheets_simple.go:688.16,690.3 1 0
bronivik/internal/google/sheets_simple.go:691.2,691.12 1 0
bronivik/internal/google/sheets_simple.go:695.79,696.19 1 0
bronivik/internal/google/sheets_simple.go:696.19,698.3 1 0
bronivik/internal/google/sheets_simple.go:700.2,719.44 3 0
bronivik/internal/google/sheets_simple.go:719.44,734.3 1 0
bronivik/internal/google/sheets_simple.go:736.2,736.23 1 0
bronivik/internal/google/sheets_simple.go:736.23,742.17 3 0
bronivik/internal/google/sheets_simple.go:742.17,744.4 1 0
bronivik/internal/google/sheets_simple.go:747.2,747.12 1 0
bronivik/internal/google/sheets_simple.go:751.106,753.16 2 0
bronivik/internal/google/sheets_simple.go:753.16,755.3 1 0
bronivik/internal/google/sheets_simple.go:757.2,757.43 1 0
bronivik/internal/google/sheets_simple.go:757.43,758.42 1 0
bronivik/internal/google/sheets_simple.go:758.42,760.4 1 0
bronivik/internal/google/sheets_simple.go:763.2,763.57 1 0
bronivik/internal/google/sheets_simple.go:767.101,773.16 4 0
bronivik/internal/google/sheets_simple.go:773.16,775.3 1 0
bronivik/internal/google/sheets_simple.go:778.2,779.35 2 0
bronivik/internal/google/sheets_simple.go:779.35,793.3 2 0
bronivik/internal/google/sheets_simple.go:796.2,802.16 3 0
bronivik/internal/google/sheets_simple.go:802.16,804.3 1 0
bronivik/internal/google/sheets_simple.go:807.2,809.29 3 0
bronivik/internal/google/sheets_simple.go:809.29,811.3 1 0
bronivik/internal/google/sheets_simple.go:812.2,814.12 2 0
bronivik/internal/google/sheets_simple.go:818.90,820.35 2 1
bronivik/internal/google/sheets_simple.go:820.35,821.47 1 1
bronivik/internal/google/sheets_simple.go:821.47,823.4 1 1
bronivik/internal/google/sheets_simple.go:825.2,825.15 1 1
